Using pre-set license

 COMMAND LINE ARGUMENTS:
/Applications/Unity/Hub/Editor/2020.3.10f1/Unity.app/Contents/MacOS/Unity
-adb2
-batchMode
-noUpm
-name
AssetImportWorker0
-projectPath
/Users/santhosh/New Unity Project (1)
-logFile
Logs/AssetImportWorker0.log
-srvPort
52465
Successfully changed project path to: /Users/santhosh/New Unity Project (1)
/Users/santhosh/New Unity Project (1)
Using Asset Import Pipeline V2.
Refreshing native plugins compatible for Editor in 40.76 ms, found 3 plugins.
Preloading 0 native plugins for Editor in 0.00 ms.
Initialize engine version: 2020.3.10f1 (297d780c91bc)
[Subsystems] Discovering subsystems at path /Applications/Unity/Hub/Editor/2020.3.10f1/Unity.app/Contents/Resources/UnitySubsystems
[Subsystems] Discovering subsystems at path /Users/santhosh/New Unity Project (1)/Assets
GfxDevice: creating device client; threaded=0
2021-05-30 21:31:48.804 Unity[30832:7198238] (null) preferred device: Apple M1 (high power)
2021-05-30 21:31:48.804 Unity[30832:7198238] Metal devices available: 1
2021-05-30 21:31:48.804 Unity[30832:7198238] 0: Apple M1 (high power)
2021-05-30 21:31:48.805 Unity[30832:7198238] Using device Apple M1 (high power)
Initializing Metal device caps: Apple M1
Initialize mono
Mono path[0] = '/Applications/Unity/Hub/Editor/2020.3.10f1/Unity.app/Contents/Managed'
Mono path[1] = '/Applications/Unity/Hub/Editor/2020.3.10f1/Unity.app/Contents/MonoBleedingEdge/lib/mono/unityjit'
Mono config path = '/Applications/Unity/Hub/Editor/2020.3.10f1/Unity.app/Contents/MonoBleedingEdge/etc'
Using monoOptions --debugger-agent=transport=dt_socket,embedding=1,server=y,suspend=n,address=127.0.0.1:56832
Begin MonoManager ReloadAssembly
Registering precompiled unity dll's ...
Register platform support module: /Applications/Unity/Hub/Editor/2020.3.10f1/PlaybackEngines/WebGLSupport/UnityEditor.WebGL.Extensions.dll
Register platform support module: /Applications/Unity/Hub/Editor/2020.3.10f1/Unity.app/Contents/PlaybackEngines/MacStandaloneSupport/UnityEditor.OSXStandalone.Extensions.dll
Registered in 0.002696 seconds.
Native extension for OSXStandalone target not found
Native extension for WebGL target not found
Refreshing native plugins compatible for Editor in 37.06 ms, found 3 plugins.
Preloading 0 native plugins for Editor in 0.00 ms.
Mono: successfully reloaded assembly
- Completed reload, in  3.720 seconds
Platform modules already initialized, skipping
Registering precompiled user dll's ...
Registered in 0.003637 seconds.
Begin MonoManager ReloadAssembly
Native extension for OSXStandalone target not found
Native extension for WebGL target not found
Refreshing native plugins compatible for Editor in 35.98 ms, found 3 plugins.
Preloading 0 native plugins for Editor in 0.00 ms.
Mono: successfully reloaded assembly
- Completed reload, in  2.902 seconds
Platform modules already initialized, skipping
========================================================================
Worker process is ready to serve import requests
Launching external process: /Applications/Unity/Hub/Editor/2020.3.10f1/Unity.app/Contents/Tools/UnityShaderCompiler
Launched and connected shader compiler UnityShaderCompiler after 0.03 seconds
Refreshing native plugins compatible for Editor in 0.39 ms, found 3 plugins.
Preloading 0 native plugins for Editor in 0.00 ms.
Unloading 2085 Unused Serialized files (Serialized files now loaded: 0)
System memory in use before: 182.5 MB.
System memory in use after: 182.4 MB.

Unloading 33 unused Assets to reduce memory usage. Loaded Objects now: 2538.
Total: 1.685875 ms (FindLiveObjects: 0.134417 ms CreateObjectMapping: 0.041917 ms MarkObjects: 1.384708 ms  DeleteObjects: 0.123916 ms)

========================================================================
Received Import Request.
  path: Assets/Scripts/GameOver.cs
  artifactKey: Guid(2d2a18f0535434b8a92ae729a15163f1) Importer(815301076,1909f56bfc062723c751e8b465ee728b)
Start importing Assets/Scripts/GameOver.cs using Guid(2d2a18f0535434b8a92ae729a15163f1) Importer(815301076,1909f56bfc062723c751e8b465ee728b)  -> (artifact id: 'e077069838c34f39a61c191c44a5a225') in 1.021193 seconds
  Import took 1.023623 seconds .

========================================================================
Received Prepare
Registering precompiled user dll's ...
Registered in 0.002298 seconds.
Begin MonoManager ReloadAssembly
Native extension for OSXStandalone target not found
Native extension for WebGL target not found
Refreshing native plugins compatible for Editor in 0.43 ms, found 3 plugins.
Preloading 0 native plugins for Editor in 0.00 ms.
Mono: successfully reloaded assembly
- Completed reload, in  2.889 seconds
Platform modules already initialized, skipping
Switching build target platform(2) subTarget(0) extendedPlatform(0) -> platform(13) subTarget(537395200) extendedPlatform(0)
Refreshing native plugins compatible for Editor in 0.39 ms, found 3 plugins.
Preloading 0 native plugins for Editor in 0.00 ms.
Unloading 2083 Unused Serialized files (Serialized files now loaded: 0)
System memory in use before: 186.6 MB.
System memory in use after: 186.6 MB.

Unloading 21 unused Assets to reduce memory usage. Loaded Objects now: 2542.
Total: 1.528250 ms (FindLiveObjects: 0.126084 ms CreateObjectMapping: 0.041375 ms MarkObjects: 1.269041 ms  DeleteObjects: 0.091000 ms)

AssetImportParameters requested are different than current active one (requested -> active):
  custom:graphics/normal-map-encoding: 01000000000000000000000000000000 -> 02000000000000000000000000000000
========================================================================
Received Prepare
Refreshing native plugins compatible for Editor in 2.42 ms, found 3 plugins.
Preloading 0 native plugins for Editor in 0.00 ms.
Unloading 19 Unused Serialized files (Serialized files now loaded: 0)
System memory in use before: 146.2 MB.
System memory in use after: 146.2 MB.

Unloading 19 unused Assets to reduce memory usage. Loaded Objects now: 2542.
Total: 3.693916 ms (FindLiveObjects: 0.143125 ms CreateObjectMapping: 0.039083 ms MarkObjects: 3.422333 ms  DeleteObjects: 0.088875 ms)

========================================================================
Received Import Request.
  Time since last request: 523.925000 seconds.
  path: Assets/Prefab/FallingBlock.prefab
  artifactKey: Guid(0f5d51af756a34a1bad59a7608a72059) Importer(815301076,1909f56bfc062723c751e8b465ee728b)
Start importing Assets/Prefab/FallingBlock.prefab using Guid(0f5d51af756a34a1bad59a7608a72059) Importer(815301076,1909f56bfc062723c751e8b465ee728b)  -> (artifact id: 'd8df68b4c437008936a90dbf986024e8') in 0.831130 seconds
  Import took 0.834804 seconds .

========================================================================
Received Prepare
Refreshing native plugins compatible for Editor in 3.97 ms, found 3 plugins.
Preloading 0 native plugins for Editor in 0.00 ms.
Unloading 19 Unused Serialized files (Serialized files now loaded: 0)
System memory in use before: 154.8 MB.
System memory in use after: 154.8 MB.

Unloading 19 unused Assets to reduce memory usage. Loaded Objects now: 2550.
Total: 1.786000 ms (FindLiveObjects: 0.142625 ms CreateObjectMapping: 0.040625 ms MarkObjects: 1.522375 ms  DeleteObjects: 0.079625 ms)

